<?xml version="1.0" encoding="UTF-8"?>
<testsuite name="perform the tests on the start sharp portal" tests="1" skipped="0" failures="0" errors="0" timestamp="2023-02-05T22:26:46" hostname="DESKTOP-C26UPPD" time="20.268">
  <properties/>
  <testcase name="schedule a new meeting" classname="perform the tests on the start sharp portal" time="20.268"/>
  <system-out><![CDATA[31
31
]]></system-out>
  <system-err><![CDATA[[Test worker] WARN net.thucydides.core.steps.BaseStepListener - stepStarted: net.thucydides.core.steps.ExecutedStepDescription@75798d03
[Test worker] WARN net.thucydides.core.steps.BaseStepListener - stepStarted: net.thucydides.core.steps.ExecutedStepDescription@46039a21
[Test worker] WARN net.thucydides.core.steps.BaseStepListener - stepStarted: net.thucydides.core.steps.ExecutedStepDescription@49469ffa
feb. 05, 2023 5:26:46 P. M. org.openqa.selenium.remote.DesiredCapabilities chrome
INFO: Using `new ChromeOptions()` is preferred to `DesiredCapabilities.chrome()`
[Test worker] INFO net.serenitybdd.core.webdriver.driverproviders.ProvideNewDriver - Instantiating driver
[Test worker] INFO net.serenitybdd.core.webdriver.driverproviders.ProvideNewDriver - Driver capabilities: Capabilities {acceptInsecureCerts: false, browserName: chrome, chrome.switches: --start-maximized, goog:chromeOptions: {args: [--start-maximized], extensions: []}, loggingPrefs: org.openqa.selenium.logging..., platform: ANY, version: }
Starting ChromeDriver 108.0.5359.71 (1e0e3868ee06e91ad636a874420e3ca3ae3756ac-refs/branch-heads/5359@{#1016}) on port 49993
Only local connections are allowed.
Please see https://chromedriver.chromium.org/security-considerations for suggestions on keeping ChromeDriver safe.
ChromeDriver was started successfully.
[1675636008.001][WARNING]: This version of ChromeDriver has not been tested with Chrome version 109.
feb. 05, 2023 5:26:48 P. M. org.openqa.selenium.remote.ProtocolHandshake createSession
INFO: Detected dialect: W3C
[Test worker] WARN net.thucydides.core.steps.BaseStepListener - stepFinished: current outcome:schedule a new meeting:Example: {strUserName=admin, strpassword=serenity, strMeetingName=planning, strMeetingType=Customer, strMeetingNumber=WDM-05, strStartDate=2/Mar/2024, strEndDate=2/Mar/2024, strhourStart=08:30, strhourEnd=11:30, strLocation=ON SITE, strUnit=Administration, strOrganizedBy=Steven López, strReporter=alexis lopez, strAttendeeList=James Jones} [Given the user has been sent to the Test page [User open up [user opens the Open up page]]]
[Test worker] WARN net.thucydides.core.steps.BaseStepListener - stepFinished: current outcome:schedule a new meeting:Example: {strUserName=admin, strpassword=serenity, strMeetingName=planning, strMeetingType=Customer, strMeetingNumber=WDM-05, strStartDate=2/Mar/2024, strEndDate=2/Mar/2024, strhourStart=08:30, strhourEnd=11:30, strLocation=ON SITE, strUnit=Administration, strOrganizedBy=Steven López, strReporter=alexis lopez, strAttendeeList=James Jones} [Given the user has been sent to the Test page [User open up [user opens the Open up page]]]
[Test worker] WARN net.thucydides.core.steps.BaseStepListener - stepFinished: current outcome:schedule a new meeting:Example: {strUserName=admin, strpassword=serenity, strMeetingName=planning, strMeetingType=Customer, strMeetingNumber=WDM-05, strStartDate=2/Mar/2024, strEndDate=2/Mar/2024, strhourStart=08:30, strhourEnd=11:30, strLocation=ON SITE, strUnit=Administration, strOrganizedBy=Steven López, strReporter=alexis lopez, strAttendeeList=James Jones} [Given the user has been sent to the Test page [User open up [user opens the Open up page]]]
[Test worker] WARN net.thucydides.core.steps.BaseStepListener - stepStarted: net.thucydides.core.steps.ExecutedStepDescription@bfe47a8
[Test worker] WARN net.thucydides.core.steps.BaseStepListener - stepStarted: net.thucydides.core.steps.ExecutedStepDescription@577f9dfd
[Test worker] WARN net.thucydides.core.steps.BaseStepListener - stepStarted: net.thucydides.core.steps.ExecutedStepDescription@5df64b2a
[Test worker] WARN net.thucydides.core.steps.BaseStepListener - stepFinished: current outcome:schedule a new meeting:Example: {strUserName=admin, strpassword=serenity, strMeetingName=planning, strMeetingType=Customer, strMeetingNumber=WDM-05, strStartDate=2/Mar/2024, strEndDate=2/Mar/2024, strhourStart=08:30, strhourEnd=11:30, strLocation=ON SITE, strUnit=Administration, strOrganizedBy=Steven López, strReporter=alexis lopez, strAttendeeList=James Jones} [Given the user has been sent to the Test page [User open up [user opens the Open up page]], When I find the page I enter my credentials
| strUserName | strpassword |
| admin | serenity | [User login [user enters 'admin' into Enter the username]]]
[Test worker] WARN net.thucydides.core.steps.BaseStepListener - stepStarted: net.thucydides.core.steps.ExecutedStepDescription@1f408ab6
[Test worker] WARN net.thucydides.core.steps.BaseStepListener - stepFinished: current outcome:schedule a new meeting:Example: {strUserName=admin, strpassword=serenity, strMeetingName=planning, strMeetingType=Customer, strMeetingNumber=WDM-05, strStartDate=2/Mar/2024, strEndDate=2/Mar/2024, strhourStart=08:30, strhourEnd=11:30, strLocation=ON SITE, strUnit=Administration, strOrganizedBy=Steven López, strReporter=alexis lopez, strAttendeeList=James Jones} [Given the user has been sent to the Test page [User open up [user opens the Open up page]], When I find the page I enter my credentials
| strUserName | strpassword |
| admin | serenity | [User login [user enters 'admin' into Enter the username, user enters 'serenity' into Enter the password]]]
[Test worker] WARN net.thucydides.core.steps.BaseStepListener - stepStarted: net.thucydides.core.steps.ExecutedStepDescription@6248cfab
[Test worker] WARN net.thucydides.core.steps.BaseStepListener - stepFinished: current outcome:schedule a new meeting:Example: {strUserName=admin, strpassword=serenity, strMeetingName=planning, strMeetingType=Customer, strMeetingNumber=WDM-05, strStartDate=2/Mar/2024, strEndDate=2/Mar/2024, strhourStart=08:30, strhourEnd=11:30, strLocation=ON SITE, strUnit=Administration, strOrganizedBy=Steven López, strReporter=alexis lopez, strAttendeeList=James Jones} [Given the user has been sent to the Test page [User open up [user opens the Open up page]], When I find the page I enter my credentials
| strUserName | strpassword |
| admin | serenity | [User login [user enters 'admin' into Enter the username, user enters 'serenity' into Enter the password, user clicks on Click on the button to access the platform]]]
[Test worker] WARN net.thucydides.core.steps.BaseStepListener - stepFinished: current outcome:schedule a new meeting:Example: {strUserName=admin, strpassword=serenity, strMeetingName=planning, strMeetingType=Customer, strMeetingNumber=WDM-05, strStartDate=2/Mar/2024, strEndDate=2/Mar/2024, strhourStart=08:30, strhourEnd=11:30, strLocation=ON SITE, strUnit=Administration, strOrganizedBy=Steven López, strReporter=alexis lopez, strAttendeeList=James Jones} [Given the user has been sent to the Test page [User open up [user opens the Open up page]], When I find the page I enter my credentials
| strUserName | strpassword |
| admin | serenity | [User login [user enters 'admin' into Enter the username, user enters 'serenity' into Enter the password, user clicks on Click on the button to access the platform]]]
[Test worker] WARN net.thucydides.core.steps.BaseStepListener - stepFinished: current outcome:schedule a new meeting:Example: {strUserName=admin, strpassword=serenity, strMeetingName=planning, strMeetingType=Customer, strMeetingNumber=WDM-05, strStartDate=2/Mar/2024, strEndDate=2/Mar/2024, strhourStart=08:30, strhourEnd=11:30, strLocation=ON SITE, strUnit=Administration, strOrganizedBy=Steven López, strReporter=alexis lopez, strAttendeeList=James Jones} [Given the user has been sent to the Test page [User open up [user opens the Open up page]], When I find the page I enter my credentials
| strUserName | strpassword |
| admin | serenity | [User login [user enters 'admin' into Enter the username, user enters 'serenity' into Enter the password, user clicks on Click on the button to access the platform]]]
[Test worker] WARN net.thucydides.core.steps.BaseStepListener - stepStarted: net.thucydides.core.steps.ExecutedStepDescription@105dc04d
[Test worker] WARN net.thucydides.core.steps.BaseStepListener - stepStarted: net.thucydides.core.steps.ExecutedStepDescription@5ba184fc
[Test worker] WARN net.thucydides.core.steps.BaseStepListener - stepStarted: net.thucydides.core.steps.ExecutedStepDescription@7b3feb26
[Test worker] WARN net.thucydides.core.steps.BaseStepListener - stepFinished: current outcome:schedule a new meeting:Example: {strUserName=admin, strpassword=serenity, strMeetingName=planning, strMeetingType=Customer, strMeetingNumber=WDM-05, strStartDate=2/Mar/2024, strEndDate=2/Mar/2024, strhourStart=08:30, strhourEnd=11:30, strLocation=ON SITE, strUnit=Administration, strOrganizedBy=Steven López, strReporter=alexis lopez, strAttendeeList=James Jones} [Given the user has been sent to the Test page [User open up [user opens the Open up page]], When I find the page I enter my credentials
| strUserName | strpassword |
| admin | serenity | [User login [user enters 'admin' into Enter the username, user enters 'serenity' into Enter the password, user clicks on Click on the button to access the platform]], And we schedule the meeting
| strMeetingName | strMeetingType | strMeetingNumber | strStartDate | strEndDate | strhourStart | strhourEnd | strLocation | strUnit | strOrganizedBy | strReporter | strAttendeeList |
| planning | Customer | WDM-05 | 2/Mar/2024 | 2/Mar/2024 | 08:30 | 11:30 | ON SITE | Administration | Steven López | alexis lopez | James Jones | [User schedule [user clicks on Click in meeting module ]]]
[Test worker] WARN net.thucydides.core.steps.BaseStepListener - stepStarted: net.thucydides.core.steps.ExecutedStepDescription@32d22650
[Test worker] WARN net.thucydides.core.steps.BaseStepListener - stepFinished: current outcome:schedule a new meeting:Example: {strUserName=admin, strpassword=serenity, strMeetingName=planning, strMeetingType=Customer, strMeetingNumber=WDM-05, strStartDate=2/Mar/2024, strEndDate=2/Mar/2024, strhourStart=08:30, strhourEnd=11:30, strLocation=ON SITE, strUnit=Administration, strOrganizedBy=Steven López, strReporter=alexis lopez, strAttendeeList=James Jones} [Given the user has been sent to the Test page [User open up [user opens the Open up page]], When I find the page I enter my credentials
| strUserName | strpassword |
| admin | serenity | [User login [user enters 'admin' into Enter the username, user enters 'serenity' into Enter the password, user clicks on Click on the button to access the platform]], And we schedule the meeting
| strMeetingName | strMeetingType | strMeetingNumber | strStartDate | strEndDate | strhourStart | strhourEnd | strLocation | strUnit | strOrganizedBy | strReporter | strAttendeeList |
| planning | Customer | WDM-05 | 2/Mar/2024 | 2/Mar/2024 | 08:30 | 11:30 | ON SITE | Administration | Steven López | alexis lopez | James Jones | [User schedule [user clicks on Click in meeting module , user clicks on Click in meetings section]]]
[Test worker] WARN net.thucydides.core.steps.BaseStepListener - stepStarted: net.thucydides.core.steps.ExecutedStepDescription@7c31e410
[Test worker] WARN net.thucydides.core.steps.BaseStepListener - stepFinished: current outcome:schedule a new meeting:Example: {strUserName=admin, strpassword=serenity, strMeetingName=planning, strMeetingType=Customer, strMeetingNumber=WDM-05, strStartDate=2/Mar/2024, strEndDate=2/Mar/2024, strhourStart=08:30, strhourEnd=11:30, strLocation=ON SITE, strUnit=Administration, strOrganizedBy=Steven López, strReporter=alexis lopez, strAttendeeList=James Jones} [Given the user has been sent to the Test page [User open up [user opens the Open up page]], When I find the page I enter my credentials
| strUserName | strpassword |
| admin | serenity | [User login [user enters 'admin' into Enter the username, user enters 'serenity' into Enter the password, user clicks on Click on the button to access the platform]], And we schedule the meeting
| strMeetingName | strMeetingType | strMeetingNumber | strStartDate | strEndDate | strhourStart | strhourEnd | strLocation | strUnit | strOrganizedBy | strReporter | strAttendeeList |
| planning | Customer | WDM-05 | 2/Mar/2024 | 2/Mar/2024 | 08:30 | 11:30 | ON SITE | Administration | Steven López | alexis lopez | James Jones | [User schedule [user clicks on Click in meeting module , user clicks on Click in meetings section, user clicks on Click in meetings section]]]
[Test worker] WARN net.thucydides.core.steps.BaseStepListener - stepStarted: net.thucydides.core.steps.ExecutedStepDescription@26270b77
[Test worker] WARN net.thucydides.core.steps.BaseStepListener - stepFinished: current outcome:schedule a new meeting:Example: {strUserName=admin, strpassword=serenity, strMeetingName=planning, strMeetingType=Customer, strMeetingNumber=WDM-05, strStartDate=2/Mar/2024, strEndDate=2/Mar/2024, strhourStart=08:30, strhourEnd=11:30, strLocation=ON SITE, strUnit=Administration, strOrganizedBy=Steven López, strReporter=alexis lopez, strAttendeeList=James Jones} [Given the user has been sent to the Test page [User open up [user opens the Open up page]], When I find the page I enter my credentials
| strUserName | strpassword |
| admin | serenity | [User login [user enters 'admin' into Enter the username, user enters 'serenity' into Enter the password, user clicks on Click on the button to access the platform]], And we schedule the meeting
| strMeetingName | strMeetingType | strMeetingNumber | strStartDate | strEndDate | strhourStart | strhourEnd | strLocation | strUnit | strOrganizedBy | strReporter | strAttendeeList |
| planning | Customer | WDM-05 | 2/Mar/2024 | 2/Mar/2024 | 08:30 | 11:30 | ON SITE | Administration | Steven López | alexis lopez | James Jones | [User schedule [user clicks on Click in meeting module , user clicks on Click in meetings section, user clicks on Click in meetings section, user enters 'planning' into add meeting name]]]
[Test worker] WARN net.thucydides.core.steps.BaseStepListener - stepStarted: net.thucydides.core.steps.ExecutedStepDescription@3460e4ed
[Test worker] WARN net.thucydides.core.steps.BaseStepListener - stepFinished: current outcome:schedule a new meeting:Example: {strUserName=admin, strpassword=serenity, strMeetingName=planning, strMeetingType=Customer, strMeetingNumber=WDM-05, strStartDate=2/Mar/2024, strEndDate=2/Mar/2024, strhourStart=08:30, strhourEnd=11:30, strLocation=ON SITE, strUnit=Administration, strOrganizedBy=Steven López, strReporter=alexis lopez, strAttendeeList=James Jones} [Given the user has been sent to the Test page [User open up [user opens the Open up page]], When I find the page I enter my credentials
| strUserName | strpassword |
| admin | serenity | [User login [user enters 'admin' into Enter the username, user enters 'serenity' into Enter the password, user clicks on Click on the button to access the platform]], And we schedule the meeting
| strMeetingName | strMeetingType | strMeetingNumber | strStartDate | strEndDate | strhourStart | strhourEnd | strLocation | strUnit | strOrganizedBy | strReporter | strAttendeeList |
| planning | Customer | WDM-05 | 2/Mar/2024 | 2/Mar/2024 | 08:30 | 11:30 | ON SITE | Administration | Steven López | alexis lopez | James Jones | [User schedule [user clicks on Click in meeting module , user clicks on Click in meetings section, user clicks on Click in meetings section, user enters 'planning' into add meeting name, user clicks on add meeting name]]]
[Test worker] WARN net.thucydides.core.steps.BaseStepListener - stepStarted: net.thucydides.core.steps.ExecutedStepDescription@5a7e81
[Test worker] WARN net.thucydides.core.steps.BaseStepListener - stepFinished: current outcome:schedule a new meeting:Example: {strUserName=admin, strpassword=serenity, strMeetingName=planning, strMeetingType=Customer, strMeetingNumber=WDM-05, strStartDate=2/Mar/2024, strEndDate=2/Mar/2024, strhourStart=08:30, strhourEnd=11:30, strLocation=ON SITE, strUnit=Administration, strOrganizedBy=Steven López, strReporter=alexis lopez, strAttendeeList=James Jones} [Given the user has been sent to the Test page [User open up [user opens the Open up page]], When I find the page I enter my credentials
| strUserName | strpassword |
| admin | serenity | [User login [user enters 'admin' into Enter the username, user enters 'serenity' into Enter the password, user clicks on Click on the button to access the platform]], And we schedule the meeting
| strMeetingName | strMeetingType | strMeetingNumber | strStartDate | strEndDate | strhourStart | strhourEnd | strLocation | strUnit | strOrganizedBy | strReporter | strAttendeeList |
| planning | Customer | WDM-05 | 2/Mar/2024 | 2/Mar/2024 | 08:30 | 11:30 | ON SITE | Administration | Steven López | alexis lopez | James Jones | [User schedule [user clicks on Click in meeting module , user clicks on Click in meetings section, user clicks on Click in meetings section, user enters 'planning' into add meeting name, user clicks on add meeting name, user enters 'Customer' into add meeting name]]]
[Test worker] WARN net.thucydides.core.steps.BaseStepListener - stepStarted: net.thucydides.core.steps.ExecutedStepDescription@eb1d475
[Test worker] WARN net.thucydides.core.steps.BaseStepListener - stepFinished: current outcome:schedule a new meeting:Example: {strUserName=admin, strpassword=serenity, strMeetingName=planning, strMeetingType=Customer, strMeetingNumber=WDM-05, strStartDate=2/Mar/2024, strEndDate=2/Mar/2024, strhourStart=08:30, strhourEnd=11:30, strLocation=ON SITE, strUnit=Administration, strOrganizedBy=Steven López, strReporter=alexis lopez, strAttendeeList=James Jones} [Given the user has been sent to the Test page [User open up [user opens the Open up page]], When I find the page I enter my credentials
| strUserName | strpassword |
| admin | serenity | [User login [user enters 'admin' into Enter the username, user enters 'serenity' into Enter the password, user clicks on Click on the button to access the platform]], And we schedule the meeting
| strMeetingName | strMeetingType | strMeetingNumber | strStartDate | strEndDate | strhourStart | strhourEnd | strLocation | strUnit | strOrganizedBy | strReporter | strAttendeeList |
| planning | Customer | WDM-05 | 2/Mar/2024 | 2/Mar/2024 | 08:30 | 11:30 | ON SITE | Administration | Steven López | alexis lopez | James Jones | [User schedule [user clicks on Click in meeting module , user clicks on Click in meetings section, user clicks on Click in meetings section, user enters 'planning' into add meeting name, user clicks on add meeting name, user enters 'Customer' into add meeting name, user types 'ARROW_DOWN,ENTER' in add meeting name]]]
[Test worker] WARN net.thucydides.core.steps.BaseStepListener - stepStarted: net.thucydides.core.steps.ExecutedStepDescription@2328ec73
[Test worker] WARN net.thucydides.core.steps.BaseStepListener - stepFinished: current outcome:schedule a new meeting:Example: {strUserName=admin, strpassword=serenity, strMeetingName=planning, strMeetingType=Customer, strMeetingNumber=WDM-05, strStartDate=2/Mar/2024, strEndDate=2/Mar/2024, strhourStart=08:30, strhourEnd=11:30, strLocation=ON SITE, strUnit=Administration, strOrganizedBy=Steven López, strReporter=alexis lopez, strAttendeeList=James Jones} [Given the user has been sent to the Test page [User open up [user opens the Open up page]], When I find the page I enter my credentials
| strUserName | strpassword |
| admin | serenity | [User login [user enters 'admin' into Enter the username, user enters 'serenity' into Enter the password, user clicks on Click on the button to access the platform]], And we schedule the meeting
| strMeetingName | strMeetingType | strMeetingNumber | strStartDate | strEndDate | strhourStart | strhourEnd | strLocation | strUnit | strOrganizedBy | strReporter | strAttendeeList |
| planning | Customer | WDM-05 | 2/Mar/2024 | 2/Mar/2024 | 08:30 | 11:30 | ON SITE | Administration | Steven López | alexis lopez | James Jones | [User schedule [user clicks on Click in meeting module , user clicks on Click in meetings section, user clicks on Click in meetings section, user enters 'planning' into add meeting name, user clicks on add meeting name, user enters 'Customer' into add meeting name, user types 'ARROW_DOWN,ENTER' in add meeting name, user clicks on ]]]
[Test worker] WARN net.thucydides.core.steps.BaseStepListener - stepStarted: net.thucydides.core.steps.ExecutedStepDescription@1b19712f
[Test worker] WARN net.thucydides.core.steps.BaseStepListener - stepFinished: current outcome:schedule a new meeting:Example: {strUserName=admin, strpassword=serenity, strMeetingName=planning, strMeetingType=Customer, strMeetingNumber=WDM-05, strStartDate=2/Mar/2024, strEndDate=2/Mar/2024, strhourStart=08:30, strhourEnd=11:30, strLocation=ON SITE, strUnit=Administration, strOrganizedBy=Steven López, strReporter=alexis lopez, strAttendeeList=James Jones} [Given the user has been sent to the Test page [User open up [user opens the Open up page]], When I find the page I enter my credentials
| strUserName | strpassword |
| admin | serenity | [User login [user enters 'admin' into Enter the username, user enters 'serenity' into Enter the password, user clicks on Click on the button to access the platform]], And we schedule the meeting
| strMeetingName | strMeetingType | strMeetingNumber | strStartDate | strEndDate | strhourStart | strhourEnd | strLocation | strUnit | strOrganizedBy | strReporter | strAttendeeList |
| planning | Customer | WDM-05 | 2/Mar/2024 | 2/Mar/2024 | 08:30 | 11:30 | ON SITE | Administration | Steven López | alexis lopez | James Jones | [User schedule [user clicks on Click in meeting module , user clicks on Click in meetings section, user clicks on Click in meetings section, user enters 'planning' into add meeting name, user clicks on add meeting name, user enters 'Customer' into add meeting name, user types 'ARROW_DOWN,ENTER' in add meeting name, user clicks on , user select Mar on Select month]]]
[Test worker] WARN net.thucydides.core.steps.BaseStepListener - stepStarted: net.thucydides.core.steps.ExecutedStepDescription@54387873
[Test worker] WARN net.thucydides.core.steps.BaseStepListener - stepFinished: current outcome:schedule a new meeting:Example: {strUserName=admin, strpassword=serenity, strMeetingName=planning, strMeetingType=Customer, strMeetingNumber=WDM-05, strStartDate=2/Mar/2024, strEndDate=2/Mar/2024, strhourStart=08:30, strhourEnd=11:30, strLocation=ON SITE, strUnit=Administration, strOrganizedBy=Steven López, strReporter=alexis lopez, strAttendeeList=James Jones} [Given the user has been sent to the Test page [User open up [user opens the Open up page]], When I find the page I enter my credentials
| strUserName | strpassword |
| admin | serenity | [User login [user enters 'admin' into Enter the username, user enters 'serenity' into Enter the password, user clicks on Click on the button to access the platform]], And we schedule the meeting
| strMeetingName | strMeetingType | strMeetingNumber | strStartDate | strEndDate | strhourStart | strhourEnd | strLocation | strUnit | strOrganizedBy | strReporter | strAttendeeList |
| planning | Customer | WDM-05 | 2/Mar/2024 | 2/Mar/2024 | 08:30 | 11:30 | ON SITE | Administration | Steven López | alexis lopez | James Jones | [User schedule [user clicks on Click in meeting module , user clicks on Click in meetings section, user clicks on Click in meetings section, user enters 'planning' into add meeting name, user clicks on add meeting name, user enters 'Customer' into add meeting name, user types 'ARROW_DOWN,ENTER' in add meeting name, user clicks on , user select Mar on Select month, user select 2024 on Select Year]]]
[Test worker] WARN net.thucydides.core.steps.BaseStepListener - stepStarted: net.thucydides.core.steps.ExecutedStepDescription@25589735
[Test worker] WARN net.thucydides.core.steps.BaseStepListener - stepFinished: current outcome:schedule a new meeting:Example: {strUserName=admin, strpassword=serenity, strMeetingName=planning, strMeetingType=Customer, strMeetingNumber=WDM-05, strStartDate=2/Mar/2024, strEndDate=2/Mar/2024, strhourStart=08:30, strhourEnd=11:30, strLocation=ON SITE, strUnit=Administration, strOrganizedBy=Steven López, strReporter=alexis lopez, strAttendeeList=James Jones} [Given the user has been sent to the Test page [User open up [user opens the Open up page]], When I find the page I enter my credentials
| strUserName | strpassword |
| admin | serenity | [User login [user enters 'admin' into Enter the username, user enters 'serenity' into Enter the password, user clicks on Click on the button to access the platform]], And we schedule the meeting
| strMeetingName | strMeetingType | strMeetingNumber | strStartDate | strEndDate | strhourStart | strhourEnd | strLocation | strUnit | strOrganizedBy | strReporter | strAttendeeList |
| planning | Customer | WDM-05 | 2/Mar/2024 | 2/Mar/2024 | 08:30 | 11:30 | ON SITE | Administration | Steven López | alexis lopez | James Jones | [User schedule [user clicks on Click in meeting module , user clicks on Click in meetings section, user clicks on Click in meetings section, user enters 'planning' into add meeting name, user clicks on add meeting name, user enters 'Customer' into add meeting name, user types 'ARROW_DOWN,ENTER' in add meeting name, user clicks on , user select Mar on Select month, user select 2024 on Select Year, user select 08:30 on ]]]
[Test worker] WARN net.thucydides.core.steps.BaseStepListener - stepStarted: net.thucydides.core.steps.ExecutedStepDescription@3a48c398
[Test worker] WARN net.thucydides.core.steps.BaseStepListener - stepFinished: current outcome:schedule a new meeting:Example: {strUserName=admin, strpassword=serenity, strMeetingName=planning, strMeetingType=Customer, strMeetingNumber=WDM-05, strStartDate=2/Mar/2024, strEndDate=2/Mar/2024, strhourStart=08:30, strhourEnd=11:30, strLocation=ON SITE, strUnit=Administration, strOrganizedBy=Steven López, strReporter=alexis lopez, strAttendeeList=James Jones} [Given the user has been sent to the Test page [User open up [user opens the Open up page]], When I find the page I enter my credentials
| strUserName | strpassword |
| admin | serenity | [User login [user enters 'admin' into Enter the username, user enters 'serenity' into Enter the password, user clicks on Click on the button to access the platform]], And we schedule the meeting
| strMeetingName | strMeetingType | strMeetingNumber | strStartDate | strEndDate | strhourStart | strhourEnd | strLocation | strUnit | strOrganizedBy | strReporter | strAttendeeList |
| planning | Customer | WDM-05 | 2/Mar/2024 | 2/Mar/2024 | 08:30 | 11:30 | ON SITE | Administration | Steven López | alexis lopez | James Jones | [User schedule [user clicks on Click in meeting module , user clicks on Click in meetings section, user clicks on Click in meetings section, user enters 'planning' into add meeting name, user clicks on add meeting name, user enters 'Customer' into add meeting name, user types 'ARROW_DOWN,ENTER' in add meeting name, user clicks on , user select Mar on Select month, user select 2024 on Select Year, user select 08:30 on , user clicks on ]]]
[Test worker] WARN net.thucydides.core.steps.BaseStepListener - stepStarted: net.thucydides.core.steps.ExecutedStepDescription@5e1d1524
[Test worker] WARN net.thucydides.core.steps.BaseStepListener - stepFinished: current outcome:schedule a new meeting:Example: {strUserName=admin, strpassword=serenity, strMeetingName=planning, strMeetingType=Customer, strMeetingNumber=WDM-05, strStartDate=2/Mar/2024, strEndDate=2/Mar/2024, strhourStart=08:30, strhourEnd=11:30, strLocation=ON SITE, strUnit=Administration, strOrganizedBy=Steven López, strReporter=alexis lopez, strAttendeeList=James Jones} [Given the user has been sent to the Test page [User open up [user opens the Open up page]], When I find the page I enter my credentials
| strUserName | strpassword |
| admin | serenity | [User login [user enters 'admin' into Enter the username, user enters 'serenity' into Enter the password, user clicks on Click on the button to access the platform]], And we schedule the meeting
| strMeetingName | strMeetingType | strMeetingNumber | strStartDate | strEndDate | strhourStart | strhourEnd | strLocation | strUnit | strOrganizedBy | strReporter | strAttendeeList |
| planning | Customer | WDM-05 | 2/Mar/2024 | 2/Mar/2024 | 08:30 | 11:30 | ON SITE | Administration | Steven López | alexis lopez | James Jones | [User schedule [user clicks on Click in meeting module , user clicks on Click in meetings section, user clicks on Click in meetings section, user enters 'planning' into add meeting name, user clicks on add meeting name, user enters 'Customer' into add meeting name, user types 'ARROW_DOWN,ENTER' in add meeting name, user clicks on , user select Mar on Select month, user select 2024 on Select Year, user select 08:30 on , user clicks on , user select Mar on Select month]]]
[Test worker] WARN net.thucydides.core.steps.BaseStepListener - stepStarted: net.thucydides.core.steps.ExecutedStepDescription@5534e6f1
[Test worker] WARN net.thucydides.core.steps.BaseStepListener - stepFinished: current outcome:schedule a new meeting:Example: {strUserName=admin, strpassword=serenity, strMeetingName=planning, strMeetingType=Customer, strMeetingNumber=WDM-05, strStartDate=2/Mar/2024, strEndDate=2/Mar/2024, strhourStart=08:30, strhourEnd=11:30, strLocation=ON SITE, strUnit=Administration, strOrganizedBy=Steven López, strReporter=alexis lopez, strAttendeeList=James Jones} [Given the user has been sent to the Test page [User open up [user opens the Open up page]], When I find the page I enter my credentials
| strUserName | strpassword |
| admin | serenity | [User login [user enters 'admin' into Enter the username, user enters 'serenity' into Enter the password, user clicks on Click on the button to access the platform]], And we schedule the meeting
| strMeetingName | strMeetingType | strMeetingNumber | strStartDate | strEndDate | strhourStart | strhourEnd | strLocation | strUnit | strOrganizedBy | strReporter | strAttendeeList |
| planning | Customer | WDM-05 | 2/Mar/2024 | 2/Mar/2024 | 08:30 | 11:30 | ON SITE | Administration | Steven López | alexis lopez | James Jones | [User schedule [user clicks on Click in meeting module , user clicks on Click in meetings section, user clicks on Click in meetings section, user enters 'planning' into add meeting name, user clicks on add meeting name, user enters 'Customer' into add meeting name, user types 'ARROW_DOWN,ENTER' in add meeting name, user clicks on , user select Mar on Select month, user select 2024 on Select Year, user select 08:30 on , user clicks on , user select Mar on Select month, user select 2024 on Select Year]]]
[Test worker] WARN net.thucydides.core.steps.BaseStepListener - stepStarted: net.thucydides.core.steps.ExecutedStepDescription@5dd23809
[Test worker] WARN net.thucydides.core.steps.BaseStepListener - stepFinished: current outcome:schedule a new meeting:Example: {strUserName=admin, strpassword=serenity, strMeetingName=planning, strMeetingType=Customer, strMeetingNumber=WDM-05, strStartDate=2/Mar/2024, strEndDate=2/Mar/2024, strhourStart=08:30, strhourEnd=11:30, strLocation=ON SITE, strUnit=Administration, strOrganizedBy=Steven López, strReporter=alexis lopez, strAttendeeList=James Jones} [Given the user has been sent to the Test page [User open up [user opens the Open up page]], When I find the page I enter my credentials
| strUserName | strpassword |
| admin | serenity | [User login [user enters 'admin' into Enter the username, user enters 'serenity' into Enter the password, user clicks on Click on the button to access the platform]], And we schedule the meeting
| strMeetingName | strMeetingType | strMeetingNumber | strStartDate | strEndDate | strhourStart | strhourEnd | strLocation | strUnit | strOrganizedBy | strReporter | strAttendeeList |
| planning | Customer | WDM-05 | 2/Mar/2024 | 2/Mar/2024 | 08:30 | 11:30 | ON SITE | Administration | Steven López | alexis lopez | James Jones | [User schedule [user clicks on Click in meeting module , user clicks on Click in meetings section, user clicks on Click in meetings section, user enters 'planning' into add meeting name, user clicks on add meeting name, user enters 'Customer' into add meeting name, user types 'ARROW_DOWN,ENTER' in add meeting name, user clicks on , user select Mar on Select month, user select 2024 on Select Year, user select 08:30 on , user clicks on , user select Mar on Select month, user select 2024 on Select Year, user select 11:30 on ]]]
[Test worker] WARN net.thucydides.core.steps.BaseStepListener - stepStarted: net.thucydides.core.steps.ExecutedStepDescription@6a04d2a4
[Test worker] WARN net.thucydides.core.steps.BaseStepListener - stepFinished: current outcome:schedule a new meeting:Example: {strUserName=admin, strpassword=serenity, strMeetingName=planning, strMeetingType=Customer, strMeetingNumber=WDM-05, strStartDate=2/Mar/2024, strEndDate=2/Mar/2024, strhourStart=08:30, strhourEnd=11:30, strLocation=ON SITE, strUnit=Administration, strOrganizedBy=Steven López, strReporter=alexis lopez, strAttendeeList=James Jones} [Given the user has been sent to the Test page [User open up [user opens the Open up page]], When I find the page I enter my credentials
| strUserName | strpassword |
| admin | serenity | [User login [user enters 'admin' into Enter the username, user enters 'serenity' into Enter the password, user clicks on Click on the button to access the platform]], And we schedule the meeting
| strMeetingName | strMeetingType | strMeetingNumber | strStartDate | strEndDate | strhourStart | strhourEnd | strLocation | strUnit | strOrganizedBy | strReporter | strAttendeeList |
| planning | Customer | WDM-05 | 2/Mar/2024 | 2/Mar/2024 | 08:30 | 11:30 | ON SITE | Administration | Steven López | alexis lopez | James Jones | [User schedule [user clicks on Click in meeting module , user clicks on Click in meetings section, user clicks on Click in meetings section, user enters 'planning' into add meeting name, user clicks on add meeting name, user enters 'Customer' into add meeting name, user types 'ARROW_DOWN,ENTER' in add meeting name, user clicks on , user select Mar on Select month, user select 2024 on Select Year, user select 08:30 on , user clicks on , user select Mar on Select month, user select 2024 on Select Year, user select 11:30 on , user enters 'WDM-05' into add meeting name]]]
[Test worker] WARN net.thucydides.core.steps.BaseStepListener - stepStarted: net.thucydides.core.steps.ExecutedStepDescription@3bf01a01
[Test worker] WARN net.thucydides.core.steps.BaseStepListener - stepFinished: current outcome:schedule a new meeting:Example: {strUserName=admin, strpassword=serenity, strMeetingName=planning, strMeetingType=Customer, strMeetingNumber=WDM-05, strStartDate=2/Mar/2024, strEndDate=2/Mar/2024, strhourStart=08:30, strhourEnd=11:30, strLocation=ON SITE, strUnit=Administration, strOrganizedBy=Steven López, strReporter=alexis lopez, strAttendeeList=James Jones} [Given the user has been sent to the Test page [User open up [user opens the Open up page]], When I find the page I enter my credentials
| strUserName | strpassword |
| admin | serenity | [User login [user enters 'admin' into Enter the username, user enters 'serenity' into Enter the password, user clicks on Click on the button to access the platform]], And we schedule the meeting
| strMeetingName | strMeetingType | strMeetingNumber | strStartDate | strEndDate | strhourStart | strhourEnd | strLocation | strUnit | strOrganizedBy | strReporter | strAttendeeList |
| planning | Customer | WDM-05 | 2/Mar/2024 | 2/Mar/2024 | 08:30 | 11:30 | ON SITE | Administration | Steven López | alexis lopez | James Jones | [User schedule [user clicks on Click in meeting module , user clicks on Click in meetings section, user clicks on Click in meetings section, user enters 'planning' into add meeting name, user clicks on add meeting name, user enters 'Customer' into add meeting name, user types 'ARROW_DOWN,ENTER' in add meeting name, user clicks on , user select Mar on Select month, user select 2024 on Select Year, user select 08:30 on , user clicks on , user select Mar on Select month, user select 2024 on Select Year, user select 11:30 on , user enters 'WDM-05' into add meeting name, user clicks on ]]]
[Test worker] WARN net.thucydides.core.steps.BaseStepListener - stepStarted: net.thucydides.core.steps.ExecutedStepDescription@7ac1b6c0
[Test worker] WARN net.thucydides.core.steps.BaseStepListener - stepFinished: current outcome:schedule a new meeting:Example: {strUserName=admin, strpassword=serenity, strMeetingName=planning, strMeetingType=Customer, strMeetingNumber=WDM-05, strStartDate=2/Mar/2024, strEndDate=2/Mar/2024, strhourStart=08:30, strhourEnd=11:30, strLocation=ON SITE, strUnit=Administration, strOrganizedBy=Steven López, strReporter=alexis lopez, strAttendeeList=James Jones} [Given the user has been sent to the Test page [User open up [user opens the Open up page]], When I find the page I enter my credentials
| strUserName | strpassword |
| admin | serenity | [User login [user enters 'admin' into Enter the username, user enters 'serenity' into Enter the password, user clicks on Click on the button to access the platform]], And we schedule the meeting
| strMeetingName | strMeetingType | strMeetingNumber | strStartDate | strEndDate | strhourStart | strhourEnd | strLocation | strUnit | strOrganizedBy | strReporter | strAttendeeList |
| planning | Customer | WDM-05 | 2/Mar/2024 | 2/Mar/2024 | 08:30 | 11:30 | ON SITE | Administration | Steven López | alexis lopez | James Jones | [User schedule [user clicks on Click in meeting module , user clicks on Click in meetings section, user clicks on Click in meetings section, user enters 'planning' into add meeting name, user clicks on add meeting name, user enters 'Customer' into add meeting name, user types 'ARROW_DOWN,ENTER' in add meeting name, user clicks on , user select Mar on Select month, user select 2024 on Select Year, user select 08:30 on , user clicks on , user select Mar on Select month, user select 2024 on Select Year, user select 11:30 on , user enters 'WDM-05' into add meeting name, user clicks on , user enters 'ON SITE' into ]]]
[Test worker] WARN net.thucydides.core.steps.BaseStepListener - stepStarted: net.thucydides.core.steps.ExecutedStepDescription@25df2014
[Test worker] WARN net.thucydides.core.steps.BaseStepListener - stepFinished: current outcome:schedule a new meeting:Example: {strUserName=admin, strpassword=serenity, strMeetingName=planning, strMeetingType=Customer, strMeetingNumber=WDM-05, strStartDate=2/Mar/2024, strEndDate=2/Mar/2024, strhourStart=08:30, strhourEnd=11:30, strLocation=ON SITE, strUnit=Administration, strOrganizedBy=Steven López, strReporter=alexis lopez, strAttendeeList=James Jones} [Given the user has been sent to the Test page [User open up [user opens the Open up page]], When I find the page I enter my credentials
| strUserName | strpassword |
| admin | serenity | [User login [user enters 'admin' into Enter the username, user enters 'serenity' into Enter the password, user clicks on Click on the button to access the platform]], And we schedule the meeting
| strMeetingName | strMeetingType | strMeetingNumber | strStartDate | strEndDate | strhourStart | strhourEnd | strLocation | strUnit | strOrganizedBy | strReporter | strAttendeeList |
| planning | Customer | WDM-05 | 2/Mar/2024 | 2/Mar/2024 | 08:30 | 11:30 | ON SITE | Administration | Steven López | alexis lopez | James Jones | [User schedule [user clicks on Click in meeting module , user clicks on Click in meetings section, user clicks on Click in meetings section, user enters 'planning' into add meeting name, user clicks on add meeting name, user enters 'Customer' into add meeting name, user types 'ARROW_DOWN,ENTER' in add meeting name, user clicks on , user select Mar on Select month, user select 2024 on Select Year, user select 08:30 on , user clicks on , user select Mar on Select month, user select 2024 on Select Year, user select 11:30 on , user enters 'WDM-05' into add meeting name, user clicks on , user enters 'ON SITE' into , user types 'ARROW_DOWN,ENTER' in ]]]
[Test worker] WARN net.thucydides.core.steps.BaseStepListener - stepStarted: net.thucydides.core.steps.ExecutedStepDescription@4bab78ce
[Test worker] WARN net.thucydides.core.steps.BaseStepListener - stepFinished: current outcome:schedule a new meeting:Example: {strUserName=admin, strpassword=serenity, strMeetingName=planning, strMeetingType=Customer, strMeetingNumber=WDM-05, strStartDate=2/Mar/2024, strEndDate=2/Mar/2024, strhourStart=08:30, strhourEnd=11:30, strLocation=ON SITE, strUnit=Administration, strOrganizedBy=Steven López, strReporter=alexis lopez, strAttendeeList=James Jones} [Given the user has been sent to the Test page [User open up [user opens the Open up page]], When I find the page I enter my credentials
| strUserName | strpassword |
| admin | serenity | [User login [user enters 'admin' into Enter the username, user enters 'serenity' into Enter the password, user clicks on Click on the button to access the platform]], And we schedule the meeting
| strMeetingName | strMeetingType | strMeetingNumber | strStartDate | strEndDate | strhourStart | strhourEnd | strLocation | strUnit | strOrganizedBy | strReporter | strAttendeeList |
| planning | Customer | WDM-05 | 2/Mar/2024 | 2/Mar/2024 | 08:30 | 11:30 | ON SITE | Administration | Steven López | alexis lopez | James Jones | [User schedule [user clicks on Click in meeting module , user clicks on Click in meetings section, user clicks on Click in meetings section, user enters 'planning' into add meeting name, user clicks on add meeting name, user enters 'Customer' into add meeting name, user types 'ARROW_DOWN,ENTER' in add meeting name, user clicks on , user select Mar on Select month, user select 2024 on Select Year, user select 08:30 on , user clicks on , user select Mar on Select month, user select 2024 on Select Year, user select 11:30 on , user enters 'WDM-05' into add meeting name, user clicks on , user enters 'ON SITE' into , user types 'ARROW_DOWN,ENTER' in , user clicks on ]]]
[Test worker] WARN net.thucydides.core.steps.BaseStepListener - stepStarted: net.thucydides.core.steps.ExecutedStepDescription@3400d6fa
[Test worker] WARN net.thucydides.core.steps.BaseStepListener - stepFinished: current outcome:schedule a new meeting:Example: {strUserName=admin, strpassword=serenity, strMeetingName=planning, strMeetingType=Customer, strMeetingNumber=WDM-05, strStartDate=2/Mar/2024, strEndDate=2/Mar/2024, strhourStart=08:30, strhourEnd=11:30, strLocation=ON SITE, strUnit=Administration, strOrganizedBy=Steven López, strReporter=alexis lopez, strAttendeeList=James Jones} [Given the user has been sent to the Test page [User open up [user opens the Open up page]], When I find the page I enter my credentials
| strUserName | strpassword |
| admin | serenity | [User login [user enters 'admin' into Enter the username, user enters 'serenity' into Enter the password, user clicks on Click on the button to access the platform]], And we schedule the meeting
| strMeetingName | strMeetingType | strMeetingNumber | strStartDate | strEndDate | strhourStart | strhourEnd | strLocation | strUnit | strOrganizedBy | strReporter | strAttendeeList |
| planning | Customer | WDM-05 | 2/Mar/2024 | 2/Mar/2024 | 08:30 | 11:30 | ON SITE | Administration | Steven López | alexis lopez | James Jones | [User schedule [user clicks on Click in meeting module , user clicks on Click in meetings section, user clicks on Click in meetings section, user enters 'planning' into add meeting name, user clicks on add meeting name, user enters 'Customer' into add meeting name, user types 'ARROW_DOWN,ENTER' in add meeting name, user clicks on , user select Mar on Select month, user select 2024 on Select Year, user select 08:30 on , user clicks on , user select Mar on Select month, user select 2024 on Select Year, user select 11:30 on , user enters 'WDM-05' into add meeting name, user clicks on , user enters 'ON SITE' into , user types 'ARROW_DOWN,ENTER' in , user clicks on , user enters 'Administration' into ]]]
[Test worker] WARN net.thucydides.core.steps.BaseStepListener - stepStarted: net.thucydides.core.steps.ExecutedStepDescription@199806aa
[Test worker] WARN net.thucydides.core.steps.BaseStepListener - stepFinished: current outcome:schedule a new meeting:Example: {strUserName=admin, strpassword=serenity, strMeetingName=planning, strMeetingType=Customer, strMeetingNumber=WDM-05, strStartDate=2/Mar/2024, strEndDate=2/Mar/2024, strhourStart=08:30, strhourEnd=11:30, strLocation=ON SITE, strUnit=Administration, strOrganizedBy=Steven López, strReporter=alexis lopez, strAttendeeList=James Jones} [Given the user has been sent to the Test page [User open up [user opens the Open up page]], When I find the page I enter my credentials
| strUserName | strpassword |
| admin | serenity | [User login [user enters 'admin' into Enter the username, user enters 'serenity' into Enter the password, user clicks on Click on the button to access the platform]], And we schedule the meeting
| strMeetingName | strMeetingType | strMeetingNumber | strStartDate | strEndDate | strhourStart | strhourEnd | strLocation | strUnit | strOrganizedBy | strReporter | strAttendeeList |
| planning | Customer | WDM-05 | 2/Mar/2024 | 2/Mar/2024 | 08:30 | 11:30 | ON SITE | Administration | Steven López | alexis lopez | James Jones | [User schedule [user clicks on Click in meeting module , user clicks on Click in meetings section, user clicks on Click in meetings section, user enters 'planning' into add meeting name, user clicks on add meeting name, user enters 'Customer' into add meeting name, user types 'ARROW_DOWN,ENTER' in add meeting name, user clicks on , user select Mar on Select month, user select 2024 on Select Year, user select 08:30 on , user clicks on , user select Mar on Select month, user select 2024 on Select Year, user select 11:30 on , user enters 'WDM-05' into add meeting name, user clicks on , user enters 'ON SITE' into , user types 'ARROW_DOWN,ENTER' in , user clicks on , user enters 'Administration' into , user types 'ARROW_DOWN,ENTER' in ]]]
[Test worker] WARN net.thucydides.core.steps.BaseStepListener - stepStarted: net.thucydides.core.steps.ExecutedStepDescription@29532e91
[Test worker] WARN net.thucydides.core.steps.BaseStepListener - stepFinished: current outcome:schedule a new meeting:Example: {strUserName=admin, strpassword=serenity, strMeetingName=planning, strMeetingType=Customer, strMeetingNumber=WDM-05, strStartDate=2/Mar/2024, strEndDate=2/Mar/2024, strhourStart=08:30, strhourEnd=11:30, strLocation=ON SITE, strUnit=Administration, strOrganizedBy=Steven López, strReporter=alexis lopez, strAttendeeList=James Jones} [Given the user has been sent to the Test page [User open up [user opens the Open up page]], When I find the page I enter my credentials
| strUserName | strpassword |
| admin | serenity | [User login [user enters 'admin' into Enter the username, user enters 'serenity' into Enter the password, user clicks on Click on the button to access the platform]], And we schedule the meeting
| strMeetingName | strMeetingType | strMeetingNumber | strStartDate | strEndDate | strhourStart | strhourEnd | strLocation | strUnit | strOrganizedBy | strReporter | strAttendeeList |
| planning | Customer | WDM-05 | 2/Mar/2024 | 2/Mar/2024 | 08:30 | 11:30 | ON SITE | Administration | Steven López | alexis lopez | James Jones | [User schedule [user clicks on Click in meeting module , user clicks on Click in meetings section, user clicks on Click in meetings section, user enters 'planning' into add meeting name, user clicks on add meeting name, user enters 'Customer' into add meeting name, user types 'ARROW_DOWN,ENTER' in add meeting name, user clicks on , user select Mar on Select month, user select 2024 on Select Year, user select 08:30 on , user clicks on , user select Mar on Select month, user select 2024 on Select Year, user select 11:30 on , user enters 'WDM-05' into add meeting name, user clicks on , user enters 'ON SITE' into , user types 'ARROW_DOWN,ENTER' in , user clicks on , user enters 'Administration' into , user types 'ARROW_DOWN,ENTER' in , user clicks on ]]]
[Test worker] WARN net.thucydides.core.steps.BaseStepListener - stepStarted: net.thucydides.core.steps.ExecutedStepDescription@24dc150c
[Test worker] WARN net.thucydides.core.steps.BaseStepListener - stepFinished: current outcome:schedule a new meeting:Example: {strUserName=admin, strpassword=serenity, strMeetingName=planning, strMeetingType=Customer, strMeetingNumber=WDM-05, strStartDate=2/Mar/2024, strEndDate=2/Mar/2024, strhourStart=08:30, strhourEnd=11:30, strLocation=ON SITE, strUnit=Administration, strOrganizedBy=Steven López, strReporter=alexis lopez, strAttendeeList=James Jones} [Given the user has been sent to the Test page [User open up [user opens the Open up page]], When I find the page I enter my credentials
| strUserName | strpassword |
| admin | serenity | [User login [user enters 'admin' into Enter the username, user enters 'serenity' into Enter the password, user clicks on Click on the button to access the platform]], And we schedule the meeting
| strMeetingName | strMeetingType | strMeetingNumber | strStartDate | strEndDate | strhourStart | strhourEnd | strLocation | strUnit | strOrganizedBy | strReporter | strAttendeeList |
| planning | Customer | WDM-05 | 2/Mar/2024 | 2/Mar/2024 | 08:30 | 11:30 | ON SITE | Administration | Steven López | alexis lopez | James Jones | [User schedule [user clicks on Click in meeting module , user clicks on Click in meetings section, user clicks on Click in meetings section, user enters 'planning' into add meeting name, user clicks on add meeting name, user enters 'Customer' into add meeting name, user types 'ARROW_DOWN,ENTER' in add meeting name, user clicks on , user select Mar on Select month, user select 2024 on Select Year, user select 08:30 on , user clicks on , user select Mar on Select month, user select 2024 on Select Year, user select 11:30 on , user enters 'WDM-05' into add meeting name, user clicks on , user enters 'ON SITE' into , user types 'ARROW_DOWN,ENTER' in , user clicks on , user enters 'Administration' into , user types 'ARROW_DOWN,ENTER' in , user clicks on , user enters 'Steven López' into ]]]
[Test worker] WARN net.thucydides.core.steps.BaseStepListener - stepStarted: net.thucydides.core.steps.ExecutedStepDescription@31b650e9
[Test worker] WARN net.thucydides.core.steps.BaseStepListener - stepFinished: current outcome:schedule a new meeting:Example: {strUserName=admin, strpassword=serenity, strMeetingName=planning, strMeetingType=Customer, strMeetingNumber=WDM-05, strStartDate=2/Mar/2024, strEndDate=2/Mar/2024, strhourStart=08:30, strhourEnd=11:30, strLocation=ON SITE, strUnit=Administration, strOrganizedBy=Steven López, strReporter=alexis lopez, strAttendeeList=James Jones} [Given the user has been sent to the Test page [User open up [user opens the Open up page]], When I find the page I enter my credentials
| strUserName | strpassword |
| admin | serenity | [User login [user enters 'admin' into Enter the username, user enters 'serenity' into Enter the password, user clicks on Click on the button to access the platform]], And we schedule the meeting
| strMeetingName | strMeetingType | strMeetingNumber | strStartDate | strEndDate | strhourStart | strhourEnd | strLocation | strUnit | strOrganizedBy | strReporter | strAttendeeList |
| planning | Customer | WDM-05 | 2/Mar/2024 | 2/Mar/2024 | 08:30 | 11:30 | ON SITE | Administration | Steven López | alexis lopez | James Jones | [User schedule [user clicks on Click in meeting module , user clicks on Click in meetings section, user clicks on Click in meetings section, user enters 'planning' into add meeting name, user clicks on add meeting name, user enters 'Customer' into add meeting name, user types 'ARROW_DOWN,ENTER' in add meeting name, user clicks on , user select Mar on Select month, user select 2024 on Select Year, user select 08:30 on , user clicks on , user select Mar on Select month, user select 2024 on Select Year, user select 11:30 on , user enters 'WDM-05' into add meeting name, user clicks on , user enters 'ON SITE' into , user types 'ARROW_DOWN,ENTER' in , user clicks on , user enters 'Administration' into , user types 'ARROW_DOWN,ENTER' in , user clicks on , user enters 'Steven López' into , user types 'ARROW_DOWN,ENTER' in ]]]
[Test worker] WARN net.thucydides.core.steps.BaseStepListener - stepStarted: net.thucydides.core.steps.ExecutedStepDescription@5cdda548
[Test worker] WARN net.thucydides.core.steps.BaseStepListener - stepFinished: current outcome:schedule a new meeting:Example: {strUserName=admin, strpassword=serenity, strMeetingName=planning, strMeetingType=Customer, strMeetingNumber=WDM-05, strStartDate=2/Mar/2024, strEndDate=2/Mar/2024, strhourStart=08:30, strhourEnd=11:30, strLocation=ON SITE, strUnit=Administration, strOrganizedBy=Steven López, strReporter=alexis lopez, strAttendeeList=James Jones} [Given the user has been sent to the Test page [User open up [user opens the Open up page]], When I find the page I enter my credentials
| strUserName | strpassword |
| admin | serenity | [User login [user enters 'admin' into Enter the username, user enters 'serenity' into Enter the password, user clicks on Click on the button to access the platform]], And we schedule the meeting
| strMeetingName | strMeetingType | strMeetingNumber | strStartDate | strEndDate | strhourStart | strhourEnd | strLocation | strUnit | strOrganizedBy | strReporter | strAttendeeList |
| planning | Customer | WDM-05 | 2/Mar/2024 | 2/Mar/2024 | 08:30 | 11:30 | ON SITE | Administration | Steven López | alexis lopez | James Jones | [User schedule [user clicks on Click in meeting module , user clicks on Click in meetings section, user clicks on Click in meetings section, user enters 'planning' into add meeting name, user clicks on add meeting name, user enters 'Customer' into add meeting name, user types 'ARROW_DOWN,ENTER' in add meeting name, user clicks on , user select Mar on Select month, user select 2024 on Select Year, user select 08:30 on , user clicks on , user select Mar on Select month, user select 2024 on Select Year, user select 11:30 on , user enters 'WDM-05' into add meeting name, user clicks on , user enters 'ON SITE' into , user types 'ARROW_DOWN,ENTER' in , user clicks on , user enters 'Administration' into , user types 'ARROW_DOWN,ENTER' in , user clicks on , user enters 'Steven López' into , user types 'ARROW_DOWN,ENTER' in , user clicks on ]]]
[Test worker] WARN net.thucydides.core.steps.BaseStepListener - stepStarted: net.thucydides.core.steps.ExecutedStepDescription@35cbeb54
[Test worker] WARN net.thucydides.core.steps.BaseStepListener - stepFinished: current outcome:schedule a new meeting:Example: {strUserName=admin, strpassword=serenity, strMeetingName=planning, strMeetingType=Customer, strMeetingNumber=WDM-05, strStartDate=2/Mar/2024, strEndDate=2/Mar/2024, strhourStart=08:30, strhourEnd=11:30, strLocation=ON SITE, strUnit=Administration, strOrganizedBy=Steven López, strReporter=alexis lopez, strAttendeeList=James Jones} [Given the user has been sent to the Test page [User open up [user opens the Open up page]], When I find the page I enter my credentials
| strUserName | strpassword |
| admin | serenity | [User login [user enters 'admin' into Enter the username, user enters 'serenity' into Enter the password, user clicks on Click on the button to access the platform]], And we schedule the meeting
| strMeetingName | strMeetingType | strMeetingNumber | strStartDate | strEndDate | strhourStart | strhourEnd | strLocation | strUnit | strOrganizedBy | strReporter | strAttendeeList |
| planning | Customer | WDM-05 | 2/Mar/2024 | 2/Mar/2024 | 08:30 | 11:30 | ON SITE | Administration | Steven López | alexis lopez | James Jones | [User schedule [user clicks on Click in meeting module , user clicks on Click in meetings section, user clicks on Click in meetings section, user enters 'planning' into add meeting name, user clicks on add meeting name, user enters 'Customer' into add meeting name, user types 'ARROW_DOWN,ENTER' in add meeting name, user clicks on , user select Mar on Select month, user select 2024 on Select Year, user select 08:30 on , user clicks on , user select Mar on Select month, user select 2024 on Select Year, user select 11:30 on , user enters 'WDM-05' into add meeting name, user clicks on , user enters 'ON SITE' into , user types 'ARROW_DOWN,ENTER' in , user clicks on , user enters 'Administration' into , user types 'ARROW_DOWN,ENTER' in , user clicks on , user enters 'Steven López' into , user types 'ARROW_DOWN,ENTER' in , user clicks on , user enters 'alexis lopez' into ]]]
[Test worker] WARN net.thucydides.core.steps.BaseStepListener - stepStarted: net.thucydides.core.steps.ExecutedStepDescription@7af9595d
[Test worker] WARN net.thucydides.core.steps.BaseStepListener - stepFinished: current outcome:schedule a new meeting:Example: {strUserName=admin, strpassword=serenity, strMeetingName=planning, strMeetingType=Customer, strMeetingNumber=WDM-05, strStartDate=2/Mar/2024, strEndDate=2/Mar/2024, strhourStart=08:30, strhourEnd=11:30, strLocation=ON SITE, strUnit=Administration, strOrganizedBy=Steven López, strReporter=alexis lopez, strAttendeeList=James Jones} [Given the user has been sent to the Test page [User open up [user opens the Open up page]], When I find the page I enter my credentials
| strUserName | strpassword |
| admin | serenity | [User login [user enters 'admin' into Enter the username, user enters 'serenity' into Enter the password, user clicks on Click on the button to access the platform]], And we schedule the meeting
| strMeetingName | strMeetingType | strMeetingNumber | strStartDate | strEndDate | strhourStart | strhourEnd | strLocation | strUnit | strOrganizedBy | strReporter | strAttendeeList |
| planning | Customer | WDM-05 | 2/Mar/2024 | 2/Mar/2024 | 08:30 | 11:30 | ON SITE | Administration | Steven López | alexis lopez | James Jones | [User schedule [user clicks on Click in meeting module , user clicks on Click in meetings section, user clicks on Click in meetings section, user enters 'planning' into add meeting name, user clicks on add meeting name, user enters 'Customer' into add meeting name, user types 'ARROW_DOWN,ENTER' in add meeting name, user clicks on , user select Mar on Select month, user select 2024 on Select Year, user select 08:30 on , user clicks on , user select Mar on Select month, user select 2024 on Select Year, user select 11:30 on , user enters 'WDM-05' into add meeting name, user clicks on , user enters 'ON SITE' into , user types 'ARROW_DOWN,ENTER' in , user clicks on , user enters 'Administration' into , user types 'ARROW_DOWN,ENTER' in , user clicks on , user enters 'Steven López' into , user types 'ARROW_DOWN,ENTER' in , user clicks on , user enters 'alexis lopez' into , user types 'ARROW_DOWN,ENTER' in ]]]
[Test worker] WARN net.thucydides.core.steps.BaseStepListener - stepStarted: net.thucydides.core.steps.ExecutedStepDescription@21e39b82
[Test worker] WARN net.thucydides.core.steps.BaseStepListener - stepFinished: current outcome:schedule a new meeting:Example: {strUserName=admin, strpassword=serenity, strMeetingName=planning, strMeetingType=Customer, strMeetingNumber=WDM-05, strStartDate=2/Mar/2024, strEndDate=2/Mar/2024, strhourStart=08:30, strhourEnd=11:30, strLocation=ON SITE, strUnit=Administration, strOrganizedBy=Steven López, strReporter=alexis lopez, strAttendeeList=James Jones} [Given the user has been sent to the Test page [User open up [user opens the Open up page]], When I find the page I enter my credentials
| strUserName | strpassword |
| admin | serenity | [User login [user enters 'admin' into Enter the username, user enters 'serenity' into Enter the password, user clicks on Click on the button to access the platform]], And we schedule the meeting
| strMeetingName | strMeetingType | strMeetingNumber | strStartDate | strEndDate | strhourStart | strhourEnd | strLocation | strUnit | strOrganizedBy | strReporter | strAttendeeList |
| planning | Customer | WDM-05 | 2/Mar/2024 | 2/Mar/2024 | 08:30 | 11:30 | ON SITE | Administration | Steven López | alexis lopez | James Jones | [User schedule [user clicks on Click in meeting module , user clicks on Click in meetings section, user clicks on Click in meetings section, user enters 'planning' into add meeting name, user clicks on add meeting name, user enters 'Customer' into add meeting name, user types 'ARROW_DOWN,ENTER' in add meeting name, user clicks on , user select Mar on Select month, user select 2024 on Select Year, user select 08:30 on , user clicks on , user select Mar on Select month, user select 2024 on Select Year, user select 11:30 on , user enters 'WDM-05' into add meeting name, user clicks on , user enters 'ON SITE' into , user types 'ARROW_DOWN,ENTER' in , user clicks on , user enters 'Administration' into , user types 'ARROW_DOWN,ENTER' in , user clicks on , user enters 'Steven López' into , user types 'ARROW_DOWN,ENTER' in , user clicks on , user enters 'alexis lopez' into , user types 'ARROW_DOWN,ENTER' in , user clicks on ]]]
[Test worker] WARN net.thucydides.core.steps.BaseStepListener - stepStarted: net.thucydides.core.steps.ExecutedStepDescription@67784537
[Test worker] WARN net.thucydides.core.steps.BaseStepListener - stepFinished: current outcome:schedule a new meeting:Example: {strUserName=admin, strpassword=serenity, strMeetingName=planning, strMeetingType=Customer, strMeetingNumber=WDM-05, strStartDate=2/Mar/2024, strEndDate=2/Mar/2024, strhourStart=08:30, strhourEnd=11:30, strLocation=ON SITE, strUnit=Administration, strOrganizedBy=Steven López, strReporter=alexis lopez, strAttendeeList=James Jones} [Given the user has been sent to the Test page [User open up [user opens the Open up page]], When I find the page I enter my credentials
| strUserName | strpassword |
| admin | serenity | [User login [user enters 'admin' into Enter the username, user enters 'serenity' into Enter the password, user clicks on Click on the button to access the platform]], And we schedule the meeting
| strMeetingName | strMeetingType | strMeetingNumber | strStartDate | strEndDate | strhourStart | strhourEnd | strLocation | strUnit | strOrganizedBy | strReporter | strAttendeeList |
| planning | Customer | WDM-05 | 2/Mar/2024 | 2/Mar/2024 | 08:30 | 11:30 | ON SITE | Administration | Steven López | alexis lopez | James Jones | [User schedule [user clicks on Click in meeting module , user clicks on Click in meetings section, user clicks on Click in meetings section, user enters 'planning' into add meeting name, user clicks on add meeting name, user enters 'Customer' into add meeting name, user types 'ARROW_DOWN,ENTER' in add meeting name, user clicks on , user select Mar on Select month, user select 2024 on Select Year, user select 08:30 on , user clicks on , user select Mar on Select month, user select 2024 on Select Year, user select 11:30 on , user enters 'WDM-05' into add meeting name, user clicks on , user enters 'ON SITE' into , user types 'ARROW_DOWN,ENTER' in , user clicks on , user enters 'Administration' into , user types 'ARROW_DOWN,ENTER' in , user clicks on , user enters 'Steven López' into , user types 'ARROW_DOWN,ENTER' in , user clicks on , user enters 'alexis lopez' into , user types 'ARROW_DOWN,ENTER' in , user clicks on , user enters 'James Jones' into ]]]
[Test worker] WARN net.thucydides.core.steps.BaseStepListener - stepStarted: net.thucydides.core.steps.ExecutedStepDescription@54f25b42
[Test worker] WARN net.thucydides.core.steps.BaseStepListener - stepFinished: current outcome:schedule a new meeting:Example: {strUserName=admin, strpassword=serenity, strMeetingName=planning, strMeetingType=Customer, strMeetingNumber=WDM-05, strStartDate=2/Mar/2024, strEndDate=2/Mar/2024, strhourStart=08:30, strhourEnd=11:30, strLocation=ON SITE, strUnit=Administration, strOrganizedBy=Steven López, strReporter=alexis lopez, strAttendeeList=James Jones} [Given the user has been sent to the Test page [User open up [user opens the Open up page]], When I find the page I enter my credentials
| strUserName | strpassword |
| admin | serenity | [User login [user enters 'admin' into Enter the username, user enters 'serenity' into Enter the password, user clicks on Click on the button to access the platform]], And we schedule the meeting
| strMeetingName | strMeetingType | strMeetingNumber | strStartDate | strEndDate | strhourStart | strhourEnd | strLocation | strUnit | strOrganizedBy | strReporter | strAttendeeList |
| planning | Customer | WDM-05 | 2/Mar/2024 | 2/Mar/2024 | 08:30 | 11:30 | ON SITE | Administration | Steven López | alexis lopez | James Jones | [User schedule [user clicks on Click in meeting module , user clicks on Click in meetings section, user clicks on Click in meetings section, user enters 'planning' into add meeting name, user clicks on add meeting name, user enters 'Customer' into add meeting name, user types 'ARROW_DOWN,ENTER' in add meeting name, user clicks on , user select Mar on Select month, user select 2024 on Select Year, user select 08:30 on , user clicks on , user select Mar on Select month, user select 2024 on Select Year, user select 11:30 on , user enters 'WDM-05' into add meeting name, user clicks on , user enters 'ON SITE' into , user types 'ARROW_DOWN,ENTER' in , user clicks on , user enters 'Administration' into , user types 'ARROW_DOWN,ENTER' in , user clicks on , user enters 'Steven López' into , user types 'ARROW_DOWN,ENTER' in , user clicks on , user enters 'alexis lopez' into , user types 'ARROW_DOWN,ENTER' in , user clicks on , user enters 'James Jones' into , user types 'ARROW_DOWN,ENTER' in ]]]
[Test worker] WARN net.thucydides.core.steps.BaseStepListener - stepStarted: net.thucydides.core.steps.ExecutedStepDescription@4ab86b2a
[Test worker] WARN net.thucydides.core.steps.BaseStepListener - stepFinished: current outcome:schedule a new meeting:Example: {strUserName=admin, strpassword=serenity, strMeetingName=planning, strMeetingType=Customer, strMeetingNumber=WDM-05, strStartDate=2/Mar/2024, strEndDate=2/Mar/2024, strhourStart=08:30, strhourEnd=11:30, strLocation=ON SITE, strUnit=Administration, strOrganizedBy=Steven López, strReporter=alexis lopez, strAttendeeList=James Jones} [Given the user has been sent to the Test page [User open up [user opens the Open up page]], When I find the page I enter my credentials
| strUserName | strpassword |
| admin | serenity | [User login [user enters 'admin' into Enter the username, user enters 'serenity' into Enter the password, user clicks on Click on the button to access the platform]], And we schedule the meeting
| strMeetingName | strMeetingType | strMeetingNumber | strStartDate | strEndDate | strhourStart | strhourEnd | strLocation | strUnit | strOrganizedBy | strReporter | strAttendeeList |
| planning | Customer | WDM-05 | 2/Mar/2024 | 2/Mar/2024 | 08:30 | 11:30 | ON SITE | Administration | Steven López | alexis lopez | James Jones | [User schedule [user clicks on Click in meeting module , user clicks on Click in meetings section, user clicks on Click in meetings section, user enters 'planning' into add meeting name, user clicks on add meeting name, user enters 'Customer' into add meeting name, user types 'ARROW_DOWN,ENTER' in add meeting name, user clicks on , user select Mar on Select month, user select 2024 on Select Year, user select 08:30 on , user clicks on , user select Mar on Select month, user select 2024 on Select Year, user select 11:30 on , user enters 'WDM-05' into add meeting name, user clicks on , user enters 'ON SITE' into , user types 'ARROW_DOWN,ENTER' in , user clicks on , user enters 'Administration' into , user types 'ARROW_DOWN,ENTER' in , user clicks on , user enters 'Steven López' into , user types 'ARROW_DOWN,ENTER' in , user clicks on , user enters 'alexis lopez' into , user types 'ARROW_DOWN,ENTER' in , user clicks on , user enters 'James Jones' into , user types 'ARROW_DOWN,ENTER' in , user clicks on ]]]
[Test worker] WARN net.thucydides.core.steps.BaseStepListener - stepStarted: net.thucydides.core.steps.ExecutedStepDescription@24d7657b
[Test worker] WARN net.thucydides.core.steps.BaseStepListener - stepFinished: current outcome:schedule a new meeting:Example: {strUserName=admin, strpassword=serenity, strMeetingName=planning, strMeetingType=Customer, strMeetingNumber=WDM-05, strStartDate=2/Mar/2024, strEndDate=2/Mar/2024, strhourStart=08:30, strhourEnd=11:30, strLocation=ON SITE, strUnit=Administration, strOrganizedBy=Steven López, strReporter=alexis lopez, strAttendeeList=James Jones} [Given the user has been sent to the Test page [User open up [user opens the Open up page]], When I find the page I enter my credentials
| strUserName | strpassword |
| admin | serenity | [User login [user enters 'admin' into Enter the username, user enters 'serenity' into Enter the password, user clicks on Click on the button to access the platform]], And we schedule the meeting
| strMeetingName | strMeetingType | strMeetingNumber | strStartDate | strEndDate | strhourStart | strhourEnd | strLocation | strUnit | strOrganizedBy | strReporter | strAttendeeList |
| planning | Customer | WDM-05 | 2/Mar/2024 | 2/Mar/2024 | 08:30 | 11:30 | ON SITE | Administration | Steven López | alexis lopez | James Jones | [User schedule [user clicks on Click in meeting module , user clicks on Click in meetings section, user clicks on Click in meetings section, user enters 'planning' into add meeting name, user clicks on add meeting name, user enters 'Customer' into add meeting name, user types 'ARROW_DOWN,ENTER' in add meeting name, user clicks on , user select Mar on Select month, user select 2024 on Select Year, user select 08:30 on , user clicks on , user select Mar on Select month, user select 2024 on Select Year, user select 11:30 on , user enters 'WDM-05' into add meeting name, user clicks on , user enters 'ON SITE' into , user types 'ARROW_DOWN,ENTER' in , user clicks on , user enters 'Administration' into , user types 'ARROW_DOWN,ENTER' in , user clicks on , user enters 'Steven López' into , user types 'ARROW_DOWN,ENTER' in , user clicks on , user enters 'alexis lopez' into , user types 'ARROW_DOWN,ENTER' in , user clicks on , user enters 'James Jones' into , user types 'ARROW_DOWN,ENTER' in , user clicks on , user clicks on Click in meetings section]]]
[Test worker] WARN net.thucydides.core.steps.BaseStepListener - stepFinished: current outcome:schedule a new meeting:Example: {strUserName=admin, strpassword=serenity, strMeetingName=planning, strMeetingType=Customer, strMeetingNumber=WDM-05, strStartDate=2/Mar/2024, strEndDate=2/Mar/2024, strhourStart=08:30, strhourEnd=11:30, strLocation=ON SITE, strUnit=Administration, strOrganizedBy=Steven López, strReporter=alexis lopez, strAttendeeList=James Jones} [Given the user has been sent to the Test page [User open up [user opens the Open up page]], When I find the page I enter my credentials
| strUserName | strpassword |
| admin | serenity | [User login [user enters 'admin' into Enter the username, user enters 'serenity' into Enter the password, user clicks on Click on the button to access the platform]], And we schedule the meeting
| strMeetingName | strMeetingType | strMeetingNumber | strStartDate | strEndDate | strhourStart | strhourEnd | strLocation | strUnit | strOrganizedBy | strReporter | strAttendeeList |
| planning | Customer | WDM-05 | 2/Mar/2024 | 2/Mar/2024 | 08:30 | 11:30 | ON SITE | Administration | Steven López | alexis lopez | James Jones | [User schedule [user clicks on Click in meeting module , user clicks on Click in meetings section, user clicks on Click in meetings section, user enters 'planning' into add meeting name, user clicks on add meeting name, user enters 'Customer' into add meeting name, user types 'ARROW_DOWN,ENTER' in add meeting name, user clicks on , user select Mar on Select month, user select 2024 on Select Year, user select 08:30 on , user clicks on , user select Mar on Select month, user select 2024 on Select Year, user select 11:30 on , user enters 'WDM-05' into add meeting name, user clicks on , user enters 'ON SITE' into , user types 'ARROW_DOWN,ENTER' in , user clicks on , user enters 'Administration' into , user types 'ARROW_DOWN,ENTER' in , user clicks on , user enters 'Steven López' into , user types 'ARROW_DOWN,ENTER' in , user clicks on , user enters 'alexis lopez' into , user types 'ARROW_DOWN,ENTER' in , user clicks on , user enters 'James Jones' into , user types 'ARROW_DOWN,ENTER' in , user clicks on , user clicks on Click in meetings section]]]
[Test worker] WARN net.thucydides.core.steps.BaseStepListener - stepFinished: current outcome:schedule a new meeting:Example: {strUserName=admin, strpassword=serenity, strMeetingName=planning, strMeetingType=Customer, strMeetingNumber=WDM-05, strStartDate=2/Mar/2024, strEndDate=2/Mar/2024, strhourStart=08:30, strhourEnd=11:30, strLocation=ON SITE, strUnit=Administration, strOrganizedBy=Steven López, strReporter=alexis lopez, strAttendeeList=James Jones} [Given the user has been sent to the Test page [User open up [user opens the Open up page]], When I find the page I enter my credentials
| strUserName | strpassword |
| admin | serenity | [User login [user enters 'admin' into Enter the username, user enters 'serenity' into Enter the password, user clicks on Click on the button to access the platform]], And we schedule the meeting
| strMeetingName | strMeetingType | strMeetingNumber | strStartDate | strEndDate | strhourStart | strhourEnd | strLocation | strUnit | strOrganizedBy | strReporter | strAttendeeList |
| planning | Customer | WDM-05 | 2/Mar/2024 | 2/Mar/2024 | 08:30 | 11:30 | ON SITE | Administration | Steven López | alexis lopez | James Jones | [User schedule [user clicks on Click in meeting module , user clicks on Click in meetings section, user clicks on Click in meetings section, user enters 'planning' into add meeting name, user clicks on add meeting name, user enters 'Customer' into add meeting name, user types 'ARROW_DOWN,ENTER' in add meeting name, user clicks on , user select Mar on Select month, user select 2024 on Select Year, user select 08:30 on , user clicks on , user select Mar on Select month, user select 2024 on Select Year, user select 11:30 on , user enters 'WDM-05' into add meeting name, user clicks on , user enters 'ON SITE' into , user types 'ARROW_DOWN,ENTER' in , user clicks on , user enters 'Administration' into , user types 'ARROW_DOWN,ENTER' in , user clicks on , user enters 'Steven López' into , user types 'ARROW_DOWN,ENTER' in , user clicks on , user enters 'alexis lopez' into , user types 'ARROW_DOWN,ENTER' in , user clicks on , user enters 'James Jones' into , user types 'ARROW_DOWN,ENTER' in , user clicks on , user clicks on Click in meetings section]]]
[Test worker] WARN net.thucydides.core.steps.BaseStepListener - stepStarted: net.thucydides.core.steps.ExecutedStepDescription@72585e83
[Test worker] WARN net.thucydides.core.steps.BaseStepListener - stepStarted: net.thucydides.core.steps.ExecutedStepDescription@696298ea
[Test worker] WARN net.thucydides.core.steps.BaseStepListener - stepFinished: current outcome:schedule a new meeting:Example: {strUserName=admin, strpassword=serenity, strMeetingName=planning, strMeetingType=Customer, strMeetingNumber=WDM-05, strStartDate=2/Mar/2024, strEndDate=2/Mar/2024, strhourStart=08:30, strhourEnd=11:30, strLocation=ON SITE, strUnit=Administration, strOrganizedBy=Steven López, strReporter=alexis lopez, strAttendeeList=James Jones} [Given the user has been sent to the Test page [User open up [user opens the Open up page]], When I find the page I enter my credentials
| strUserName | strpassword |
| admin | serenity | [User login [user enters 'admin' into Enter the username, user enters 'serenity' into Enter the password, user clicks on Click on the button to access the platform]], And we schedule the meeting
| strMeetingName | strMeetingType | strMeetingNumber | strStartDate | strEndDate | strhourStart | strhourEnd | strLocation | strUnit | strOrganizedBy | strReporter | strAttendeeList |
| planning | Customer | WDM-05 | 2/Mar/2024 | 2/Mar/2024 | 08:30 | 11:30 | ON SITE | Administration | Steven López | alexis lopez | James Jones | [User schedule [user clicks on Click in meeting module , user clicks on Click in meetings section, user clicks on Click in meetings section, user enters 'planning' into add meeting name, user clicks on add meeting name, user enters 'Customer' into add meeting name, user types 'ARROW_DOWN,ENTER' in add meeting name, user clicks on , user select Mar on Select month, user select 2024 on Select Year, user select 08:30 on , user clicks on , user select Mar on Select month, user select 2024 on Select Year, user select 11:30 on , user enters 'WDM-05' into add meeting name, user clicks on , user enters 'ON SITE' into , user types 'ARROW_DOWN,ENTER' in , user clicks on , user enters 'Administration' into , user types 'ARROW_DOWN,ENTER' in , user clicks on , user enters 'Steven López' into , user types 'ARROW_DOWN,ENTER' in , user clicks on , user enters 'alexis lopez' into , user types 'ARROW_DOWN,ENTER' in , user clicks on , user enters 'James Jones' into , user types 'ARROW_DOWN,ENTER' in , user clicks on , user clicks on Click in meetings section]], Then then we verify that the meeting has been scheduled:planning [Then scheduled meeting]]
[Test worker] WARN net.thucydides.core.steps.BaseStepListener - stepFinished: current outcome:schedule a new meeting:Example: {strUserName=admin, strpassword=serenity, strMeetingName=planning, strMeetingType=Customer, strMeetingNumber=WDM-05, strStartDate=2/Mar/2024, strEndDate=2/Mar/2024, strhourStart=08:30, strhourEnd=11:30, strLocation=ON SITE, strUnit=Administration, strOrganizedBy=Steven López, strReporter=alexis lopez, strAttendeeList=James Jones} [Given the user has been sent to the Test page [User open up [user opens the Open up page]], When I find the page I enter my credentials
| strUserName | strpassword |
| admin | serenity | [User login [user enters 'admin' into Enter the username, user enters 'serenity' into Enter the password, user clicks on Click on the button to access the platform]], And we schedule the meeting
| strMeetingName | strMeetingType | strMeetingNumber | strStartDate | strEndDate | strhourStart | strhourEnd | strLocation | strUnit | strOrganizedBy | strReporter | strAttendeeList |
| planning | Customer | WDM-05 | 2/Mar/2024 | 2/Mar/2024 | 08:30 | 11:30 | ON SITE | Administration | Steven López | alexis lopez | James Jones | [User schedule [user clicks on Click in meeting module , user clicks on Click in meetings section, user clicks on Click in meetings section, user enters 'planning' into add meeting name, user clicks on add meeting name, user enters 'Customer' into add meeting name, user types 'ARROW_DOWN,ENTER' in add meeting name, user clicks on , user select Mar on Select month, user select 2024 on Select Year, user select 08:30 on , user clicks on , user select Mar on Select month, user select 2024 on Select Year, user select 11:30 on , user enters 'WDM-05' into add meeting name, user clicks on , user enters 'ON SITE' into , user types 'ARROW_DOWN,ENTER' in , user clicks on , user enters 'Administration' into , user types 'ARROW_DOWN,ENTER' in , user clicks on , user enters 'Steven López' into , user types 'ARROW_DOWN,ENTER' in , user clicks on , user enters 'alexis lopez' into , user types 'ARROW_DOWN,ENTER' in , user clicks on , user enters 'James Jones' into , user types 'ARROW_DOWN,ENTER' in , user clicks on , user clicks on Click in meetings section]], Then then we verify that the meeting has been scheduled:planning [Then scheduled meeting]]
[Test worker] WARN net.thucydides.core.steps.BaseStepListener - stepFinished: current outcome:schedule a new meeting:Example: {strUserName=admin, strpassword=serenity, strMeetingName=planning, strMeetingType=Customer, strMeetingNumber=WDM-05, strStartDate=2/Mar/2024, strEndDate=2/Mar/2024, strhourStart=08:30, strhourEnd=11:30, strLocation=ON SITE, strUnit=Administration, strOrganizedBy=Steven López, strReporter=alexis lopez, strAttendeeList=James Jones} [Given the user has been sent to the Test page [User open up [user opens the Open up page]], When I find the page I enter my credentials
| strUserName | strpassword |
| admin | serenity | [User login [user enters 'admin' into Enter the username, user enters 'serenity' into Enter the password, user clicks on Click on the button to access the platform]], And we schedule the meeting
| strMeetingName | strMeetingType | strMeetingNumber | strStartDate | strEndDate | strhourStart | strhourEnd | strLocation | strUnit | strOrganizedBy | strReporter | strAttendeeList |
| planning | Customer | WDM-05 | 2/Mar/2024 | 2/Mar/2024 | 08:30 | 11:30 | ON SITE | Administration | Steven López | alexis lopez | James Jones | [User schedule [user clicks on Click in meeting module , user clicks on Click in meetings section, user clicks on Click in meetings section, user enters 'planning' into add meeting name, user clicks on add meeting name, user enters 'Customer' into add meeting name, user types 'ARROW_DOWN,ENTER' in add meeting name, user clicks on , user select Mar on Select month, user select 2024 on Select Year, user select 08:30 on , user clicks on , user select Mar on Select month, user select 2024 on Select Year, user select 11:30 on , user enters 'WDM-05' into add meeting name, user clicks on , user enters 'ON SITE' into , user types 'ARROW_DOWN,ENTER' in , user clicks on , user enters 'Administration' into , user types 'ARROW_DOWN,ENTER' in , user clicks on , user enters 'Steven López' into , user types 'ARROW_DOWN,ENTER' in , user clicks on , user enters 'alexis lopez' into , user types 'ARROW_DOWN,ENTER' in , user clicks on , user enters 'James Jones' into , user types 'ARROW_DOWN,ENTER' in , user clicks on , user clicks on Click in meetings section]], Then then we verify that the meeting has been scheduled:planning [Then scheduled meeting]]
[Test worker] WARN net.thucydides.core.steps.BaseStepListener - testFinished: schedule a new meeting:Example: {strUserName=admin, strpassword=serenity, strMeetingName=planning, strMeetingType=Customer, strMeetingNumber=WDM-05, strStartDate=2/Mar/2024, strEndDate=2/Mar/2024, strhourStart=08:30, strhourEnd=11:30, strLocation=ON SITE, strUnit=Administration, strOrganizedBy=Steven López, strReporter=alexis lopez, strAttendeeList=James Jones} [Given the user has been sent to the Test page [User open up [user opens the Open up page]], When I find the page I enter my credentials
| strUserName | strpassword |
| admin | serenity | [User login [user enters 'admin' into Enter the username, user enters 'serenity' into Enter the password, user clicks on Click on the button to access the platform]], And we schedule the meeting
| strMeetingName | strMeetingType | strMeetingNumber | strStartDate | strEndDate | strhourStart | strhourEnd | strLocation | strUnit | strOrganizedBy | strReporter | strAttendeeList |
| planning | Customer | WDM-05 | 2/Mar/2024 | 2/Mar/2024 | 08:30 | 11:30 | ON SITE | Administration | Steven López | alexis lopez | James Jones | [User schedule [user clicks on Click in meeting module , user clicks on Click in meetings section, user clicks on Click in meetings section, user enters 'planning' into add meeting name, user clicks on add meeting name, user enters 'Customer' into add meeting name, user types 'ARROW_DOWN,ENTER' in add meeting name, user clicks on , user select Mar on Select month, user select 2024 on Select Year, user select 08:30 on , user clicks on , user select Mar on Select month, user select 2024 on Select Year, user select 11:30 on , user enters 'WDM-05' into add meeting name, user clicks on , user enters 'ON SITE' into , user types 'ARROW_DOWN,ENTER' in , user clicks on , user enters 'Administration' into , user types 'ARROW_DOWN,ENTER' in , user clicks on , user enters 'Steven López' into , user types 'ARROW_DOWN,ENTER' in , user clicks on , user enters 'alexis lopez' into , user types 'ARROW_DOWN,ENTER' in , user clicks on , user enters 'James Jones' into , user types 'ARROW_DOWN,ENTER' in , user clicks on , user clicks on Click in meetings section]], Then then we verify that the meeting has been scheduled:planning [Then scheduled meeting]]
[Test worker] WARN net.thucydides.core.steps.BaseStepListener - TestOutcomes: [schedule a new meeting:Example: {strUserName=admin, strpassword=serenity, strMeetingName=planning, strMeetingType=Customer, strMeetingNumber=WDM-05, strStartDate=2/Mar/2024, strEndDate=2/Mar/2024, strhourStart=08:30, strhourEnd=11:30, strLocation=ON SITE, strUnit=Administration, strOrganizedBy=Steven López, strReporter=alexis lopez, strAttendeeList=James Jones} [Given the user has been sent to the Test page [User open up [user opens the Open up page]], When I find the page I enter my credentials
| strUserName | strpassword |
| admin | serenity | [User login [user enters 'admin' into Enter the username, user enters 'serenity' into Enter the password, user clicks on Click on the button to access the platform]], And we schedule the meeting
| strMeetingName | strMeetingType | strMeetingNumber | strStartDate | strEndDate | strhourStart | strhourEnd | strLocation | strUnit | strOrganizedBy | strReporter | strAttendeeList |
| planning | Customer | WDM-05 | 2/Mar/2024 | 2/Mar/2024 | 08:30 | 11:30 | ON SITE | Administration | Steven López | alexis lopez | James Jones | [User schedule [user clicks on Click in meeting module , user clicks on Click in meetings section, user clicks on Click in meetings section, user enters 'planning' into add meeting name, user clicks on add meeting name, user enters 'Customer' into add meeting name, user types 'ARROW_DOWN,ENTER' in add meeting name, user clicks on , user select Mar on Select month, user select 2024 on Select Year, user select 08:30 on , user clicks on , user select Mar on Select month, user select 2024 on Select Year, user select 11:30 on , user enters 'WDM-05' into add meeting name, user clicks on , user enters 'ON SITE' into , user types 'ARROW_DOWN,ENTER' in , user clicks on , user enters 'Administration' into , user types 'ARROW_DOWN,ENTER' in , user clicks on , user enters 'Steven López' into , user types 'ARROW_DOWN,ENTER' in , user clicks on , user enters 'alexis lopez' into , user types 'ARROW_DOWN,ENTER' in , user clicks on , user enters 'James Jones' into , user types 'ARROW_DOWN,ENTER' in , user clicks on , user clicks on Click in meetings section]], Then then we verify that the meeting has been scheduled:planning [Then scheduled meeting]]]
[Test worker] WARN net.thucydides.core.steps.BaseStepListener - Final testOutcomes: [schedule a new meeting:Example: {strUserName=admin, strpassword=serenity, strMeetingName=planning, strMeetingType=Customer, strMeetingNumber=WDM-05, strStartDate=2/Mar/2024, strEndDate=2/Mar/2024, strhourStart=08:30, strhourEnd=11:30, strLocation=ON SITE, strUnit=Administration, strOrganizedBy=Steven López, strReporter=alexis lopez, strAttendeeList=James Jones} [Given the user has been sent to the Test page [User open up [user opens the Open up page]], When I find the page I enter my credentials
| strUserName | strpassword |
| admin | serenity | [User login [user enters 'admin' into Enter the username, user enters 'serenity' into Enter the password, user clicks on Click on the button to access the platform]], And we schedule the meeting
| strMeetingName | strMeetingType | strMeetingNumber | strStartDate | strEndDate | strhourStart | strhourEnd | strLocation | strUnit | strOrganizedBy | strReporter | strAttendeeList |
| planning | Customer | WDM-05 | 2/Mar/2024 | 2/Mar/2024 | 08:30 | 11:30 | ON SITE | Administration | Steven López | alexis lopez | James Jones | [User schedule [user clicks on Click in meeting module , user clicks on Click in meetings section, user clicks on Click in meetings section, user enters 'planning' into add meeting name, user clicks on add meeting name, user enters 'Customer' into add meeting name, user types 'ARROW_DOWN,ENTER' in add meeting name, user clicks on , user select Mar on Select month, user select 2024 on Select Year, user select 08:30 on , user clicks on , user select Mar on Select month, user select 2024 on Select Year, user select 11:30 on , user enters 'WDM-05' into add meeting name, user clicks on , user enters 'ON SITE' into , user types 'ARROW_DOWN,ENTER' in , user clicks on , user enters 'Administration' into , user types 'ARROW_DOWN,ENTER' in , user clicks on , user enters 'Steven López' into , user types 'ARROW_DOWN,ENTER' in , user clicks on , user enters 'alexis lopez' into , user types 'ARROW_DOWN,ENTER' in , user clicks on , user enters 'James Jones' into , user types 'ARROW_DOWN,ENTER' in , user clicks on , user clicks on Click in meetings section]], Then then we verify that the meeting has been scheduled:planning [Then scheduled meeting]]]
[Test worker] INFO net.thucydides.core.steps.ConsoleLoggingListener - 
        __    _____ _____ ____ _____   ____   _    ____  ____  _____ ____  
  _     \ \  |_   _| ____/ ___|_   _| |  _ \ / \  / ___|/ ___|| ____|  _ \ 
 (_)_____| |   | | |  _| \___ \ | |   | |_) / _ \ \___ \\___ \|  _| | | | |
  _|_____| |   | | | |___ ___) || |   |  __/ ___ \ ___) |___) | |___| |_| |
 (_)     | |   |_| |_____|____/ |_|   |_| /_/   \_\____/|____/|_____|____/ 
        /_/                                                                

TEST PASSED: schedule a new meeting
----------------------------------------------------------------------------
]]></system-err>
</testsuite>
